{"/Users/ianyu/repos/react-native-sketch-canvas/src/SketchCanvas.tsx": {"path":"/Users/ianyu/repos/react-native-sketch-canvas/src/SketchCanvas.tsx","statementMap":{"0":{"start":{"line":16,"column":23},"end":{"line":16,"column":39}},"1":{"start":{"line":17,"column":23},"end":{"line":19,"column":22}},"2":{"start":{"line":20,"column":28},"end":{"line":20,"column":69}},"3":{"start":{"line":27,"column":24},"end":{"line":45,"column":3}},"4":{"start":{"line":57,"column":10},"end":{"line":59,"column":3}},"5":{"start":{"line":66,"column":4},"end":{"line":66,"column":17}},"6":{"start":{"line":67,"column":4},"end":{"line":67,"column":30}},"7":{"start":{"line":68,"column":4},"end":{"line":68,"column":21}},"8":{"start":{"line":69,"column":4},"end":{"line":69,"column":22}},"9":{"start":{"line":70,"column":4},"end":{"line":70,"column":24}},"10":{"start":{"line":71,"column":4},"end":{"line":71,"column":69}},"11":{"start":{"line":72,"column":4},"end":{"line":72,"column":32}},"12":{"start":{"line":73,"column":4},"end":{"line":73,"column":39}},"13":{"start":{"line":74,"column":4},"end":{"line":74,"column":30}},"14":{"start":{"line":76,"column":4},"end":{"line":78,"column":6}},"15":{"start":{"line":77,"column":39},"end":{"line":77,"column":59}},"16":{"start":{"line":82,"column":4},"end":{"line":86,"column":7}},"17":{"start":{"line":84,"column":49},"end":{"line":84,"column":69}},"18":{"start":{"line":90,"column":4},"end":{"line":93,"column":8}},"19":{"start":{"line":92,"column":34},"end":{"line":92,"column":73}},"20":{"start":{"line":94,"column":4},"end":{"line":94,"column":16}},"21":{"start":{"line":98,"column":4},"end":{"line":98,"column":21}},"22":{"start":{"line":99,"column":4},"end":{"line":99,"column":22}},"23":{"start":{"line":100,"column":4},"end":{"line":104,"column":6}},"24":{"start":{"line":108,"column":17},"end":{"line":108,"column":19}},"25":{"start":{"line":109,"column":4},"end":{"line":111,"column":6}},"26":{"start":{"line":110,"column":19},"end":{"line":110,"column":77}},"27":{"start":{"line":112,"column":4},"end":{"line":114,"column":5}},"28":{"start":{"line":113,"column":6},"end":{"line":113,"column":30}},"29":{"start":{"line":115,"column":4},"end":{"line":115,"column":18}},"30":{"start":{"line":119,"column":4},"end":{"line":146,"column":5}},"31":{"start":{"line":120,"column":6},"end":{"line":124,"column":7}},"32":{"start":{"line":121,"column":40},"end":{"line":121,"column":66}},"33":{"start":{"line":123,"column":8},"end":{"line":123,"column":31}},"34":{"start":{"line":125,"column":23},"end":{"line":132,"column":8}},"35":{"start":{"line":126,"column":21},"end":{"line":126,"column":77}},"36":{"start":{"line":126,"column":51},"end":{"line":126,"column":76}},"37":{"start":{"line":127,"column":8},"end":{"line":131,"column":11}},"38":{"start":{"line":133,"column":6},"end":{"line":142,"column":8}},"39":{"start":{"line":144,"column":6},"end":{"line":145,"column":57}},"40":{"start":{"line":144,"column":47},"end":{"line":144,"column":73}},"41":{"start":{"line":150,"column":4},"end":{"line":150,"column":60}},"42":{"start":{"line":150,"column":42},"end":{"line":150,"column":58}},"43":{"start":{"line":151,"column":4},"end":{"line":155,"column":6}},"44":{"start":{"line":167,"column":4},"end":{"line":179,"column":6}},"45":{"start":{"line":183,"column":4},"end":{"line":183,"column":23}},"46":{"start":{"line":194,"column":4},"end":{"line":214,"column":5}},"47":{"start":{"line":195,"column":6},"end":{"line":203,"column":8}},"48":{"start":{"line":205,"column":6},"end":{"line":213,"column":8}},"49":{"start":{"line":218,"column":4},"end":{"line":328,"column":7}},"50":{"start":{"line":220,"column":61},"end":{"line":220,"column":65}},"51":{"start":{"line":221,"column":68},"end":{"line":221,"column":72}},"52":{"start":{"line":222,"column":60},"end":{"line":222,"column":64}},"53":{"start":{"line":223,"column":67},"end":{"line":223,"column":71}},"54":{"start":{"line":226,"column":8},"end":{"line":228,"column":9}},"55":{"start":{"line":227,"column":10},"end":{"line":227,"column":17}},"56":{"start":{"line":229,"column":18},"end":{"line":229,"column":33}},"57":{"start":{"line":230,"column":8},"end":{"line":230,"column":76}},"58":{"start":{"line":231,"column":8},"end":{"line":236,"column":10}},"59":{"start":{"line":238,"column":8},"end":{"line":246,"column":10}},"60":{"start":{"line":248,"column":8},"end":{"line":265,"column":10}},"61":{"start":{"line":266,"column":18},"end":{"line":266,"column":75}},"62":{"start":{"line":267,"column":14},"end":{"line":267,"column":71}},"63":{"start":{"line":268,"column":8},"end":{"line":268,"column":42}},"64":{"start":{"line":269,"column":8},"end":{"line":269,"column":41}},"65":{"start":{"line":272,"column":8},"end":{"line":274,"column":9}},"66":{"start":{"line":273,"column":10},"end":{"line":273,"column":17}},"67":{"start":{"line":275,"column":8},"end":{"line":300,"column":9}},"68":{"start":{"line":276,"column":10},"end":{"line":293,"column":12}},"69":{"start":{"line":294,"column":20},"end":{"line":296,"column":13}},"70":{"start":{"line":297,"column":16},"end":{"line":297,"column":76}},"71":{"start":{"line":298,"column":10},"end":{"line":298,"column":44}},"72":{"start":{"line":299,"column":10},"end":{"line":299,"column":45}},"73":{"start":{"line":303,"column":8},"end":{"line":305,"column":9}},"74":{"start":{"line":304,"column":10},"end":{"line":304,"column":17}},"75":{"start":{"line":306,"column":8},"end":{"line":317,"column":9}},"76":{"start":{"line":307,"column":10},"end":{"line":311,"column":13}},"77":{"start":{"line":312,"column":10},"end":{"line":316,"column":13}},"78":{"start":{"line":318,"column":8},"end":{"line":322,"column":10}},"79":{"start":{"line":326,"column":8},"end":{"line":326,"column":20}},"80":{"start":{"line":332,"column":4},"end":{"line":335,"column":6}},"81":{"start":{"line":339,"column":4},"end":{"line":375,"column":6}},"82":{"start":{"line":342,"column":10},"end":{"line":342,"column":57}},"83":{"start":{"line":346,"column":10},"end":{"line":349,"column":12}},"84":{"start":{"line":350,"column":10},"end":{"line":350,"column":35}},"85":{"start":{"line":351,"column":10},"end":{"line":352,"column":63}},"86":{"start":{"line":352,"column":46},"end":{"line":352,"column":61}},"87":{"start":{"line":356,"column":10},"end":{"line":368,"column":11}},"88":{"start":{"line":357,"column":12},"end":{"line":357,"column":66}},"89":{"start":{"line":358,"column":17},"end":{"line":368,"column":11}},"90":{"start":{"line":362,"column":12},"end":{"line":365,"column":14}},"91":{"start":{"line":366,"column":17},"end":{"line":368,"column":11}},"92":{"start":{"line":367,"column":12},"end":{"line":367,"column":66}},"93":{"start":{"line":378,"column":20},"end":{"line":378,"column":73}},"94":{"start":{"line":379,"column":0},"end":{"line":380,"column":68}},"95":{"start":{"line":381,"column":0},"end":{"line":382,"column":73}},"96":{"start":{"line":383,"column":0},"end":{"line":384,"column":72}},"97":{"start":{"line":385,"column":0},"end":{"line":386,"column":71}}},"fnMap":{"0":{"name":"(anonymous_0)","decl":{"start":{"line":31,"column":19},"end":{"line":31,"column":20}},"loc":{"start":{"line":31,"column":25},"end":{"line":31,"column":27}},"line":31},"1":{"name":"(anonymous_1)","decl":{"start":{"line":32,"column":19},"end":{"line":32,"column":20}},"loc":{"start":{"line":32,"column":47},"end":{"line":32,"column":49}},"line":32},"2":{"name":"(anonymous_2)","decl":{"start":{"line":33,"column":21},"end":{"line":33,"column":22}},"loc":{"start":{"line":33,"column":27},"end":{"line":33,"column":29}},"line":33},"3":{"name":"(anonymous_3)","decl":{"start":{"line":34,"column":17},"end":{"line":34,"column":18}},"loc":{"start":{"line":34,"column":23},"end":{"line":34,"column":25}},"line":34},"4":{"name":"(anonymous_4)","decl":{"start":{"line":35,"column":19},"end":{"line":35,"column":20}},"loc":{"start":{"line":35,"column":25},"end":{"line":35,"column":27}},"line":35},"5":{"name":"(anonymous_5)","decl":{"start":{"line":65,"column":2},"end":{"line":65,"column":3}},"loc":{"start":{"line":65,"column":40},"end":{"line":79,"column":3}},"line":65},"6":{"name":"(anonymous_6)","decl":{"start":{"line":77,"column":34},"end":{"line":77,"column":35}},"loc":{"start":{"line":77,"column":39},"end":{"line":77,"column":59}},"line":77},"7":{"name":"(anonymous_7)","decl":{"start":{"line":81,"column":2},"end":{"line":81,"column":3}},"loc":{"start":{"line":81,"column":65},"end":{"line":87,"column":3}},"line":81},"8":{"name":"(anonymous_8)","decl":{"start":{"line":84,"column":44},"end":{"line":84,"column":45}},"loc":{"start":{"line":84,"column":49},"end":{"line":84,"column":69}},"line":84},"9":{"name":"(anonymous_9)","decl":{"start":{"line":89,"column":2},"end":{"line":89,"column":3}},"loc":{"start":{"line":89,"column":26},"end":{"line":95,"column":3}},"line":89},"10":{"name":"(anonymous_10)","decl":{"start":{"line":92,"column":8},"end":{"line":92,"column":9}},"loc":{"start":{"line":92,"column":34},"end":{"line":92,"column":73}},"line":92},"11":{"name":"(anonymous_11)","decl":{"start":{"line":97,"column":2},"end":{"line":97,"column":3}},"loc":{"start":{"line":97,"column":10},"end":{"line":105,"column":3}},"line":97},"12":{"name":"(anonymous_12)","decl":{"start":{"line":107,"column":2},"end":{"line":107,"column":3}},"loc":{"start":{"line":107,"column":9},"end":{"line":116,"column":3}},"line":107},"13":{"name":"(anonymous_13)","decl":{"start":{"line":110,"column":6},"end":{"line":110,"column":7}},"loc":{"start":{"line":110,"column":19},"end":{"line":110,"column":77}},"line":110},"14":{"name":"(anonymous_14)","decl":{"start":{"line":118,"column":2},"end":{"line":118,"column":3}},"loc":{"start":{"line":118,"column":22},"end":{"line":147,"column":3}},"line":118},"15":{"name":"(anonymous_15)","decl":{"start":{"line":121,"column":27},"end":{"line":121,"column":28}},"loc":{"start":{"line":121,"column":40},"end":{"line":121,"column":66}},"line":121},"16":{"name":"(anonymous_16)","decl":{"start":{"line":125,"column":42},"end":{"line":125,"column":43}},"loc":{"start":{"line":125,"column":54},"end":{"line":132,"column":7}},"line":125},"17":{"name":"(anonymous_17)","decl":{"start":{"line":126,"column":38},"end":{"line":126,"column":39}},"loc":{"start":{"line":126,"column":51},"end":{"line":126,"column":76}},"line":126},"18":{"name":"(anonymous_18)","decl":{"start":{"line":144,"column":34},"end":{"line":144,"column":35}},"loc":{"start":{"line":144,"column":47},"end":{"line":144,"column":73}},"line":144},"19":{"name":"(anonymous_19)","decl":{"start":{"line":149,"column":2},"end":{"line":149,"column":3}},"loc":{"start":{"line":149,"column":22},"end":{"line":156,"column":3}},"line":149},"20":{"name":"(anonymous_20)","decl":{"start":{"line":150,"column":37},"end":{"line":150,"column":38}},"loc":{"start":{"line":150,"column":42},"end":{"line":150,"column":58}},"line":150},"21":{"name":"(anonymous_21)","decl":{"start":{"line":158,"column":2},"end":{"line":158,"column":3}},"loc":{"start":{"line":166,"column":4},"end":{"line":180,"column":3}},"line":166},"22":{"name":"(anonymous_22)","decl":{"start":{"line":182,"column":2},"end":{"line":182,"column":3}},"loc":{"start":{"line":182,"column":13},"end":{"line":184,"column":3}},"line":182},"23":{"name":"(anonymous_23)","decl":{"start":{"line":186,"column":2},"end":{"line":186,"column":3}},"loc":{"start":{"line":193,"column":4},"end":{"line":215,"column":3}},"line":193},"24":{"name":"(anonymous_24)","decl":{"start":{"line":217,"column":2},"end":{"line":217,"column":3}},"loc":{"start":{"line":217,"column":30},"end":{"line":329,"column":3}},"line":217},"25":{"name":"(anonymous_25)","decl":{"start":{"line":220,"column":36},"end":{"line":220,"column":37}},"loc":{"start":{"line":220,"column":61},"end":{"line":220,"column":65}},"line":220},"26":{"name":"(anonymous_26)","decl":{"start":{"line":221,"column":43},"end":{"line":221,"column":44}},"loc":{"start":{"line":221,"column":68},"end":{"line":221,"column":72}},"line":221},"27":{"name":"(anonymous_27)","decl":{"start":{"line":222,"column":35},"end":{"line":222,"column":36}},"loc":{"start":{"line":222,"column":60},"end":{"line":222,"column":64}},"line":222},"28":{"name":"(anonymous_28)","decl":{"start":{"line":223,"column":42},"end":{"line":223,"column":43}},"loc":{"start":{"line":223,"column":67},"end":{"line":223,"column":71}},"line":223},"29":{"name":"(anonymous_29)","decl":{"start":{"line":225,"column":27},"end":{"line":225,"column":28}},"loc":{"start":{"line":225,"column":50},"end":{"line":270,"column":7}},"line":225},"30":{"name":"(anonymous_30)","decl":{"start":{"line":271,"column":26},"end":{"line":271,"column":27}},"loc":{"start":{"line":271,"column":50},"end":{"line":301,"column":7}},"line":271},"31":{"name":"(anonymous_31)","decl":{"start":{"line":302,"column":29},"end":{"line":302,"column":30}},"loc":{"start":{"line":302,"column":54},"end":{"line":323,"column":7}},"line":302},"32":{"name":"(anonymous_32)","decl":{"start":{"line":325,"column":36},"end":{"line":325,"column":37}},"loc":{"start":{"line":325,"column":61},"end":{"line":327,"column":7}},"line":325},"33":{"name":"(anonymous_33)","decl":{"start":{"line":331,"column":2},"end":{"line":331,"column":3}},"loc":{"start":{"line":331,"column":28},"end":{"line":336,"column":3}},"line":331},"34":{"name":"(anonymous_34)","decl":{"start":{"line":338,"column":2},"end":{"line":338,"column":3}},"loc":{"start":{"line":338,"column":11},"end":{"line":376,"column":3}},"line":338},"35":{"name":"(anonymous_35)","decl":{"start":{"line":341,"column":13},"end":{"line":341,"column":14}},"loc":{"start":{"line":341,"column":27},"end":{"line":343,"column":9}},"line":341},"36":{"name":"(anonymous_36)","decl":{"start":{"line":345,"column":18},"end":{"line":345,"column":19}},"loc":{"start":{"line":345,"column":30},"end":{"line":353,"column":9}},"line":345},"37":{"name":"(anonymous_37)","decl":{"start":{"line":352,"column":41},"end":{"line":352,"column":42}},"loc":{"start":{"line":352,"column":46},"end":{"line":352,"column":61}},"line":352},"38":{"name":"(anonymous_38)","decl":{"start":{"line":355,"column":18},"end":{"line":355,"column":19}},"loc":{"start":{"line":355,"column":30},"end":{"line":369,"column":9}},"line":355}},"branchMap":{"0":{"loc":{"start":{"line":20,"column":28},"end":{"line":20,"column":69}},"type":"binary-expr","locations":[{"start":{"line":20,"column":28},"end":{"line":20,"column":63}},{"start":{"line":20,"column":67},"end":{"line":20,"column":69}}],"line":20},"1":{"loc":{"start":{"line":71,"column":24},"end":{"line":71,"column":68}},"type":"cond-expr","locations":[{"start":{"line":71,"column":48},"end":{"line":71,"column":49}},{"start":{"line":71,"column":52},"end":{"line":71,"column":68}}],"line":71},"2":{"loc":{"start":{"line":77,"column":6},"end":{"line":77,"column":67}},"type":"cond-expr","locations":[{"start":{"line":77,"column":19},"end":{"line":77,"column":60}},{"start":{"line":77,"column":63},"end":{"line":77,"column":67}}],"line":77},"3":{"loc":{"start":{"line":84,"column":8},"end":{"line":84,"column":77}},"type":"cond-expr","locations":[{"start":{"line":84,"column":25},"end":{"line":84,"column":70}},{"start":{"line":84,"column":73},"end":{"line":84,"column":77}}],"line":84},"4":{"loc":{"start":{"line":90,"column":4},"end":{"line":93,"column":7}},"type":"binary-expr","locations":[{"start":{"line":90,"column":4},"end":{"line":90,"column":8}},{"start":{"line":91,"column":6},"end":{"line":93,"column":7}}],"line":90},"5":{"loc":{"start":{"line":110,"column":28},"end":{"line":110,"column":77}},"type":"cond-expr","locations":[{"start":{"line":110,"column":59},"end":{"line":110,"column":68}},{"start":{"line":110,"column":71},"end":{"line":110,"column":77}}],"line":110},"6":{"loc":{"start":{"line":112,"column":4},"end":{"line":114,"column":5}},"type":"if","locations":[{"start":{"line":112,"column":4},"end":{"line":114,"column":5}},{"start":{},"end":{}}],"line":112},"7":{"loc":{"start":{"line":119,"column":4},"end":{"line":146,"column":5}},"type":"if","locations":[{"start":{"line":119,"column":4},"end":{"line":146,"column":5}},{"start":{"line":143,"column":11},"end":{"line":146,"column":5}}],"line":119},"8":{"loc":{"start":{"line":120,"column":6},"end":{"line":124,"column":7}},"type":"if","locations":[{"start":{"line":120,"column":6},"end":{"line":124,"column":7}},{"start":{},"end":{}}],"line":120},"9":{"loc":{"start":{"line":139,"column":10},"end":{"line":139,"column":67}},"type":"cond-expr","locations":[{"start":{"line":139,"column":28},"end":{"line":139,"column":63}},{"start":{"line":139,"column":66},"end":{"line":139,"column":67}}],"line":139},"10":{"loc":{"start":{"line":144,"column":6},"end":{"line":145,"column":56}},"type":"binary-expr","locations":[{"start":{"line":144,"column":6},"end":{"line":145,"column":21}},{"start":{"line":145,"column":25},"end":{"line":145,"column":56}}],"line":144},"11":{"loc":{"start":{"line":194,"column":4},"end":{"line":214,"column":5}},"type":"if","locations":[{"start":{"line":194,"column":4},"end":{"line":214,"column":5}},{"start":{"line":204,"column":11},"end":{"line":214,"column":5}}],"line":194},"12":{"loc":{"start":{"line":226,"column":8},"end":{"line":228,"column":9}},"type":"if","locations":[{"start":{"line":226,"column":8},"end":{"line":228,"column":9}},{"start":{},"end":{}}],"line":226},"13":{"loc":{"start":{"line":244,"column":12},"end":{"line":244,"column":71}},"type":"cond-expr","locations":[{"start":{"line":244,"column":31},"end":{"line":244,"column":67}},{"start":{"line":244,"column":70},"end":{"line":244,"column":71}}],"line":244},"14":{"loc":{"start":{"line":272,"column":8},"end":{"line":274,"column":9}},"type":"if","locations":[{"start":{"line":272,"column":8},"end":{"line":274,"column":9}},{"start":{},"end":{}}],"line":272},"15":{"loc":{"start":{"line":275,"column":8},"end":{"line":300,"column":9}},"type":"if","locations":[{"start":{"line":275,"column":8},"end":{"line":300,"column":9}},{"start":{},"end":{}}],"line":275},"16":{"loc":{"start":{"line":303,"column":8},"end":{"line":305,"column":9}},"type":"if","locations":[{"start":{"line":303,"column":8},"end":{"line":305,"column":9}},{"start":{},"end":{}}],"line":303},"17":{"loc":{"start":{"line":306,"column":8},"end":{"line":317,"column":9}},"type":"if","locations":[{"start":{"line":306,"column":8},"end":{"line":317,"column":9}},{"start":{},"end":{}}],"line":306},"18":{"loc":{"start":{"line":333,"column":6},"end":{"line":333,"column":44}},"type":"binary-expr","locations":[{"start":{"line":333,"column":6},"end":{"line":333,"column":38}},{"start":{"line":333,"column":42},"end":{"line":333,"column":44}}],"line":333},"19":{"loc":{"start":{"line":334,"column":6},"end":{"line":334,"column":46}},"type":"binary-expr","locations":[{"start":{"line":334,"column":6},"end":{"line":334,"column":40}},{"start":{"line":334,"column":44},"end":{"line":334,"column":46}}],"line":334},"20":{"loc":{"start":{"line":351,"column":10},"end":{"line":352,"column":62}},"type":"binary-expr","locations":[{"start":{"line":351,"column":10},"end":{"line":351,"column":41}},{"start":{"line":352,"column":12},"end":{"line":352,"column":62}}],"line":351},"21":{"loc":{"start":{"line":356,"column":10},"end":{"line":368,"column":11}},"type":"if","locations":[{"start":{"line":356,"column":10},"end":{"line":368,"column":11}},{"start":{"line":358,"column":17},"end":{"line":368,"column":11}}],"line":356},"22":{"loc":{"start":{"line":358,"column":17},"end":{"line":368,"column":11}},"type":"if","locations":[{"start":{"line":358,"column":17},"end":{"line":368,"column":11}},{"start":{"line":366,"column":17},"end":{"line":368,"column":11}}],"line":358},"23":{"loc":{"start":{"line":359,"column":12},"end":{"line":360,"column":48}},"type":"binary-expr","locations":[{"start":{"line":359,"column":12},"end":{"line":359,"column":51}},{"start":{"line":360,"column":12},"end":{"line":360,"column":48}}],"line":359},"24":{"loc":{"start":{"line":366,"column":17},"end":{"line":368,"column":11}},"type":"if","locations":[{"start":{"line":366,"column":17},"end":{"line":368,"column":11}},{"start":{},"end":{}}],"line":366},"25":{"loc":{"start":{"line":380,"column":2},"end":{"line":380,"column":67}},"type":"cond-expr","locations":[{"start":{"line":380,"column":26},"end":{"line":380,"column":62}},{"start":{"line":380,"column":65},"end":{"line":380,"column":67}}],"line":380},"26":{"loc":{"start":{"line":382,"column":2},"end":{"line":382,"column":72}},"type":"cond-expr","locations":[{"start":{"line":382,"column":26},"end":{"line":382,"column":67}},{"start":{"line":382,"column":70},"end":{"line":382,"column":72}}],"line":382},"27":{"loc":{"start":{"line":384,"column":2},"end":{"line":384,"column":71}},"type":"cond-expr","locations":[{"start":{"line":384,"column":26},"end":{"line":384,"column":66}},{"start":{"line":384,"column":69},"end":{"line":384,"column":71}}],"line":384},"28":{"loc":{"start":{"line":386,"column":2},"end":{"line":386,"column":70}},"type":"cond-expr","locations":[{"start":{"line":386,"column":26},"end":{"line":386,"column":65}},{"start":{"line":386,"column":68},"end":{"line":386,"column":70}}],"line":386}},"s":{"0":2,"1":2,"2":2,"3":2,"4":2,"5":2,"6":2,"7":2,"8":2,"9":2,"10":2,"11":2,"12":2,"13":2,"14":2,"15":0,"16":0,"17":0,"18":2,"19":0,"20":2,"21":0,"22":0,"23":0,"24":0,"25":0,"26":0,"27":0,"28":0,"29":0,"30":0,"31":0,"32":0,"33":0,"34":0,"35":0,"36":0,"37":0,"38":0,"39":0,"40":0,"41":0,"42":0,"43":0,"44":0,"45":0,"46":0,"47":0,"48":0,"49":2,"50":0,"51":0,"52":0,"53":0,"54":0,"55":0,"56":0,"57":0,"58":0,"59":0,"60":0,"61":0,"62":0,"63":0,"64":0,"65":0,"66":0,"67":0,"68":0,"69":0,"70":0,"71":0,"72":0,"73":0,"74":0,"75":0,"76":0,"77":0,"78":0,"79":0,"80":2,"81":2,"82":2,"83":0,"84":0,"85":0,"86":0,"87":0,"88":0,"89":0,"90":0,"91":0,"92":0,"93":2,"94":2,"95":2,"96":2,"97":2},"f":{"0":0,"1":0,"2":0,"3":0,"4":0,"5":2,"6":0,"7":0,"8":0,"9":2,"10":0,"11":0,"12":0,"13":0,"14":0,"15":0,"16":0,"17":0,"18":0,"19":0,"20":0,"21":0,"22":0,"23":0,"24":2,"25":0,"26":0,"27":0,"28":0,"29":0,"30":0,"31":0,"32":0,"33":2,"34":2,"35":2,"36":0,"37":0,"38":0},"b":{"0":[2,2],"1":[2,0],"2":[0,2],"3":[0,0],"4":[2,0],"5":[0,0],"6":[0,0],"7":[0,0],"8":[0,0],"9":[0,0],"10":[0,0],"11":[0,0],"12":[0,0],"13":[0,0],"14":[0,0],"15":[0,0],"16":[0,0],"17":[0,0],"18":[2,2],"19":[2,2],"20":[0,0],"21":[0,0],"22":[0,0],"23":[0,0],"24":[0,0],"25":[2,0],"26":[2,0],"27":[2,0],"28":[2,0]},"_coverageSchema":"1a1c01bbd47fc00a2c39e90264f33305004495a9","hash":"0a3911178b096c92eaa3f228f700cbfd369f0b0a"}
,"/Users/ianyu/repos/react-native-sketch-canvas/src/handlePermissions.tsx": {"path":"/Users/ianyu/repos/react-native-sketch-canvas/src/handlePermissions.tsx","statementMap":{"0":{"start":{"line":3,"column":34},"end":{"line":20,"column":1}},"1":{"start":{"line":7,"column":2},"end":{"line":18,"column":3}},"2":{"start":{"line":8,"column":20},"end":{"line":15,"column":5}},"3":{"start":{"line":17,"column":4},"end":{"line":17,"column":58}},"4":{"start":{"line":19,"column":2},"end":{"line":19,"column":14}}},"fnMap":{"0":{"name":"(anonymous_0)","decl":{"start":{"line":3,"column":34},"end":{"line":3,"column":35}},"loc":{"start":{"line":6,"column":5},"end":{"line":20,"column":1}},"line":6}},"branchMap":{"0":{"loc":{"start":{"line":7,"column":2},"end":{"line":18,"column":3}},"type":"if","locations":[{"start":{"line":7,"column":2},"end":{"line":18,"column":3}},{"start":{},"end":{}}],"line":7}},"s":{"0":5,"1":5,"2":2,"3":2,"4":3},"f":{"0":5},"b":{"0":[2,3]},"_coverageSchema":"1a1c01bbd47fc00a2c39e90264f33305004495a9","hash":"19839fd9360dd67b23835cd75d1b6aad950d247a"}
,"/Users/ianyu/repos/react-native-sketch-canvas/src/index.tsx": {"path":"/Users/ianyu/repos/react-native-sketch-canvas/src/index.tsx","statementMap":{"0":{"start":{"line":16,"column":24},"end":{"line":73,"column":3}},"1":{"start":{"line":85,"column":4},"end":{"line":85,"column":17}},"2":{"start":{"line":87,"column":4},"end":{"line":91,"column":6}},"3":{"start":{"line":93,"column":4},"end":{"line":93,"column":31}},"4":{"start":{"line":94,"column":4},"end":{"line":94,"column":50}},"5":{"start":{"line":95,"column":4},"end":{"line":95,"column":25}},"6":{"start":{"line":99,"column":4},"end":{"line":99,"column":31}},"7":{"start":{"line":103,"column":4},"end":{"line":103,"column":37}},"8":{"start":{"line":107,"column":4},"end":{"line":107,"column":37}},"9":{"start":{"line":111,"column":4},"end":{"line":111,"column":38}},"10":{"start":{"line":115,"column":4},"end":{"line":147,"column":5}},"11":{"start":{"line":116,"column":16},"end":{"line":116,"column":43}},"12":{"start":{"line":117,"column":6},"end":{"line":125,"column":8}},"13":{"start":{"line":127,"column":19},"end":{"line":127,"column":29}},"14":{"start":{"line":128,"column":6},"end":{"line":146,"column":8}},"15":{"start":{"line":151,"column":4},"end":{"line":158,"column":5}},"16":{"start":{"line":157,"column":6},"end":{"line":157,"column":53}},"17":{"start":{"line":159,"column":4},"end":{"line":161,"column":7}},"18":{"start":{"line":164,"column":16},"end":{"line":199,"column":3}},"19":{"start":{"line":165,"column":4},"end":{"line":198,"column":23}},"20":{"start":{"line":168,"column":8},"end":{"line":186,"column":9}},"21":{"start":{"line":170,"column":24},"end":{"line":170,"column":73}},"22":{"start":{"line":171,"column":10},"end":{"line":182,"column":11}},"23":{"start":{"line":172,"column":12},"end":{"line":172,"column":51}},"24":{"start":{"line":173,"column":12},"end":{"line":175,"column":15}},"25":{"start":{"line":177,"column":12},"end":{"line":178,"column":68}},"26":{"start":{"line":179,"column":12},"end":{"line":181,"column":15}},"27":{"start":{"line":184,"column":10},"end":{"line":184,"column":45}},"28":{"start":{"line":185,"column":10},"end":{"line":185,"column":36}},"29":{"start":{"line":202,"column":4},"end":{"line":202,"column":31}},"30":{"start":{"line":206,"column":4},"end":{"line":305,"column":6}},"31":{"start":{"line":218,"column":18},"end":{"line":218,"column":48}},"32":{"start":{"line":227,"column":18},"end":{"line":227,"column":54}},"33":{"start":{"line":238,"column":18},"end":{"line":238,"column":41}},"34":{"start":{"line":247,"column":18},"end":{"line":247,"column":58}},"35":{"start":{"line":256,"column":18},"end":{"line":256,"column":31}},"36":{"start":{"line":257,"column":18},"end":{"line":257,"column":48}},"37":{"start":{"line":266,"column":18},"end":{"line":266,"column":30}},"38":{"start":{"line":274,"column":23},"end":{"line":274,"column":47}},"39":{"start":{"line":286,"column":12},"end":{"line":286,"column":53}},"40":{"start":{"line":298,"column":32},"end":{"line":298,"column":78}},"41":{"start":{"line":309,"column":0},"end":{"line":309,"column":54}},"42":{"start":{"line":310,"column":0},"end":{"line":310,"column":48}},"43":{"start":{"line":311,"column":0},"end":{"line":311,"column":46}},"44":{"start":{"line":312,"column":0},"end":{"line":312,"column":44}}},"fnMap":{"0":{"name":"(anonymous_0)","decl":{"start":{"line":19,"column":19},"end":{"line":19,"column":20}},"loc":{"start":{"line":19,"column":25},"end":{"line":19,"column":27}},"line":19},"1":{"name":"(anonymous_1)","decl":{"start":{"line":20,"column":21},"end":{"line":20,"column":22}},"loc":{"start":{"line":20,"column":27},"end":{"line":20,"column":29}},"line":20},"2":{"name":"(anonymous_2)","decl":{"start":{"line":21,"column":17},"end":{"line":21,"column":18}},"loc":{"start":{"line":21,"column":23},"end":{"line":21,"column":25}},"line":21},"3":{"name":"(anonymous_3)","decl":{"start":{"line":22,"column":20},"end":{"line":22,"column":21}},"loc":{"start":{"line":22,"column":26},"end":{"line":22,"column":28}},"line":22},"4":{"name":"(anonymous_4)","decl":{"start":{"line":23,"column":19},"end":{"line":23,"column":20}},"loc":{"start":{"line":23,"column":25},"end":{"line":23,"column":27}},"line":23},"5":{"name":"(anonymous_5)","decl":{"start":{"line":24,"column":20},"end":{"line":24,"column":21}},"loc":{"start":{"line":24,"column":26},"end":{"line":24,"column":28}},"line":24},"6":{"name":"(anonymous_6)","decl":{"start":{"line":25,"column":19},"end":{"line":25,"column":20}},"loc":{"start":{"line":25,"column":25},"end":{"line":25,"column":27}},"line":25},"7":{"name":"(anonymous_7)","decl":{"start":{"line":66,"column":19},"end":{"line":66,"column":20}},"loc":{"start":{"line":66,"column":25},"end":{"line":66,"column":27}},"line":66},"8":{"name":"(anonymous_8)","decl":{"start":{"line":84,"column":2},"end":{"line":84,"column":3}},"loc":{"start":{"line":84,"column":42},"end":{"line":96,"column":3}},"line":84},"9":{"name":"(anonymous_9)","decl":{"start":{"line":98,"column":2},"end":{"line":98,"column":3}},"loc":{"start":{"line":98,"column":10},"end":{"line":100,"column":3}},"line":98},"10":{"name":"(anonymous_10)","decl":{"start":{"line":102,"column":2},"end":{"line":102,"column":3}},"loc":{"start":{"line":102,"column":9},"end":{"line":104,"column":3}},"line":102},"11":{"name":"(anonymous_11)","decl":{"start":{"line":106,"column":2},"end":{"line":106,"column":3}},"loc":{"start":{"line":106,"column":26},"end":{"line":108,"column":3}},"line":106},"12":{"name":"(anonymous_12)","decl":{"start":{"line":110,"column":2},"end":{"line":110,"column":3}},"loc":{"start":{"line":110,"column":22},"end":{"line":112,"column":3}},"line":110},"13":{"name":"(anonymous_13)","decl":{"start":{"line":114,"column":2},"end":{"line":114,"column":3}},"loc":{"start":{"line":114,"column":9},"end":{"line":148,"column":3}},"line":114},"14":{"name":"(anonymous_14)","decl":{"start":{"line":150,"column":2},"end":{"line":150,"column":3}},"loc":{"start":{"line":150,"column":20},"end":{"line":162,"column":3}},"line":150},"15":{"name":"(anonymous_15)","decl":{"start":{"line":164,"column":16},"end":{"line":164,"column":17}},"loc":{"start":{"line":165,"column":4},"end":{"line":198,"column":23}},"line":165},"16":{"name":"(anonymous_16)","decl":{"start":{"line":167,"column":15},"end":{"line":167,"column":16}},"loc":{"start":{"line":167,"column":21},"end":{"line":187,"column":7}},"line":167},"17":{"name":"(anonymous_17)","decl":{"start":{"line":201,"column":2},"end":{"line":201,"column":3}},"loc":{"start":{"line":201,"column":23},"end":{"line":203,"column":3}},"line":201},"18":{"name":"(anonymous_18)","decl":{"start":{"line":205,"column":2},"end":{"line":205,"column":3}},"loc":{"start":{"line":205,"column":11},"end":{"line":306,"column":3}},"line":205},"19":{"name":"(anonymous_19)","decl":{"start":{"line":217,"column":25},"end":{"line":217,"column":26}},"loc":{"start":{"line":217,"column":31},"end":{"line":219,"column":17}},"line":217},"20":{"name":"(anonymous_20)","decl":{"start":{"line":226,"column":25},"end":{"line":226,"column":26}},"loc":{"start":{"line":226,"column":31},"end":{"line":228,"column":17}},"line":226},"21":{"name":"(anonymous_21)","decl":{"start":{"line":237,"column":25},"end":{"line":237,"column":26}},"loc":{"start":{"line":237,"column":31},"end":{"line":239,"column":17}},"line":237},"22":{"name":"(anonymous_22)","decl":{"start":{"line":246,"column":25},"end":{"line":246,"column":26}},"loc":{"start":{"line":246,"column":31},"end":{"line":248,"column":17}},"line":246},"23":{"name":"(anonymous_23)","decl":{"start":{"line":255,"column":25},"end":{"line":255,"column":26}},"loc":{"start":{"line":255,"column":31},"end":{"line":258,"column":17}},"line":255},"24":{"name":"(anonymous_24)","decl":{"start":{"line":265,"column":25},"end":{"line":265,"column":26}},"loc":{"start":{"line":265,"column":31},"end":{"line":267,"column":17}},"line":265},"25":{"name":"(anonymous_25)","decl":{"start":{"line":274,"column":15},"end":{"line":274,"column":16}},"loc":{"start":{"line":274,"column":23},"end":{"line":274,"column":47}},"line":274},"26":{"name":"(anonymous_26)","decl":{"start":{"line":285,"column":25},"end":{"line":285,"column":26}},"loc":{"start":{"line":286,"column":12},"end":{"line":286,"column":53}},"line":286},"27":{"name":"(anonymous_27)","decl":{"start":{"line":298,"column":26},"end":{"line":298,"column":27}},"loc":{"start":{"line":298,"column":32},"end":{"line":298,"column":78}},"line":298}},"branchMap":{"0":{"loc":{"start":{"line":88,"column":34},"end":{"line":88,"column":64}},"type":"binary-expr","locations":[{"start":{"line":88,"column":34},"end":{"line":88,"column":59}},{"start":{"line":88,"column":63},"end":{"line":88,"column":64}}],"line":88},"1":{"loc":{"start":{"line":115,"column":4},"end":{"line":147,"column":5}},"type":"if","locations":[{"start":{"line":115,"column":4},"end":{"line":147,"column":5}},{"start":{"line":126,"column":11},"end":{"line":147,"column":5}}],"line":115},"2":{"loc":{"start":{"line":120,"column":8},"end":{"line":120,"column":32}},"type":"cond-expr","locations":[{"start":{"line":120,"column":19},"end":{"line":120,"column":27}},{"start":{"line":120,"column":30},"end":{"line":120,"column":32}}],"line":120},"3":{"loc":{"start":{"line":124,"column":8},"end":{"line":124,"column":34}},"type":"binary-expr","locations":[{"start":{"line":124,"column":8},"end":{"line":124,"column":25}},{"start":{"line":124,"column":29},"end":{"line":124,"column":34}}],"line":124},"4":{"loc":{"start":{"line":151,"column":4},"end":{"line":158,"column":5}},"type":"if","locations":[{"start":{"line":151,"column":4},"end":{"line":158,"column":5}},{"start":{},"end":{}}],"line":151},"5":{"loc":{"start":{"line":152,"column":6},"end":{"line":155,"column":34}},"type":"binary-expr","locations":[{"start":{"line":152,"column":7},"end":{"line":152,"column":65}},{"start":{"line":153,"column":8},"end":{"line":153,"column":33}},{"start":{"line":154,"column":7},"end":{"line":154,"column":65}},{"start":{"line":155,"column":8},"end":{"line":155,"column":33}}],"line":152},"6":{"loc":{"start":{"line":152,"column":34},"end":{"line":152,"column":64}},"type":"binary-expr","locations":[{"start":{"line":152,"column":34},"end":{"line":152,"column":59}},{"start":{"line":152,"column":63},"end":{"line":152,"column":64}}],"line":152},"7":{"loc":{"start":{"line":154,"column":34},"end":{"line":154,"column":64}},"type":"binary-expr","locations":[{"start":{"line":154,"column":34},"end":{"line":154,"column":59}},{"start":{"line":154,"column":63},"end":{"line":154,"column":64}}],"line":154},"8":{"loc":{"start":{"line":168,"column":8},"end":{"line":186,"column":9}},"type":"if","locations":[{"start":{"line":168,"column":8},"end":{"line":186,"column":9}},{"start":{"line":183,"column":15},"end":{"line":186,"column":9}}],"line":168},"9":{"loc":{"start":{"line":171,"column":10},"end":{"line":182,"column":11}},"type":"if","locations":[{"start":{"line":171,"column":10},"end":{"line":182,"column":11}},{"start":{"line":176,"column":17},"end":{"line":182,"column":11}}],"line":171},"10":{"loc":{"start":{"line":172,"column":30},"end":{"line":172,"column":50}},"type":"cond-expr","locations":[{"start":{"line":172,"column":44},"end":{"line":172,"column":45}},{"start":{"line":172,"column":48},"end":{"line":172,"column":50}}],"line":172},"11":{"loc":{"start":{"line":178,"column":14},"end":{"line":178,"column":67}},"type":"cond-expr","locations":[{"start":{"line":178,"column":61},"end":{"line":178,"column":63}},{"start":{"line":178,"column":66},"end":{"line":178,"column":67}}],"line":178},"12":{"loc":{"start":{"line":188,"column":7},"end":{"line":190,"column":46}},"type":"binary-expr","locations":[{"start":{"line":188,"column":7},"end":{"line":188,"column":38}},{"start":{"line":189,"column":8},"end":{"line":189,"column":34}},{"start":{"line":190,"column":8},"end":{"line":190,"column":46}}],"line":188},"13":{"loc":{"start":{"line":191,"column":7},"end":{"line":197,"column":9}},"type":"binary-expr","locations":[{"start":{"line":191,"column":7},"end":{"line":191,"column":38}},{"start":{"line":192,"column":8},"end":{"line":192,"column":42}},{"start":{"line":193,"column":8},"end":{"line":197,"column":9}}],"line":191},"14":{"loc":{"start":{"line":215,"column":13},"end":{"line":222,"column":13}},"type":"binary-expr","locations":[{"start":{"line":215,"column":13},"end":{"line":215,"column":38}},{"start":{"line":216,"column":14},"end":{"line":221,"column":33}}],"line":215},"15":{"loc":{"start":{"line":224,"column":13},"end":{"line":231,"column":13}},"type":"binary-expr","locations":[{"start":{"line":224,"column":13},"end":{"line":224,"column":38}},{"start":{"line":225,"column":14},"end":{"line":230,"column":33}}],"line":224},"16":{"loc":{"start":{"line":235,"column":13},"end":{"line":242,"column":13}},"type":"binary-expr","locations":[{"start":{"line":235,"column":13},"end":{"line":235,"column":44}},{"start":{"line":236,"column":14},"end":{"line":241,"column":33}}],"line":235},"17":{"loc":{"start":{"line":244,"column":13},"end":{"line":251,"column":13}},"type":"binary-expr","locations":[{"start":{"line":244,"column":13},"end":{"line":244,"column":37}},{"start":{"line":245,"column":14},"end":{"line":250,"column":33}}],"line":244},"18":{"loc":{"start":{"line":253,"column":13},"end":{"line":261,"column":13}},"type":"binary-expr","locations":[{"start":{"line":253,"column":13},"end":{"line":253,"column":38}},{"start":{"line":254,"column":14},"end":{"line":260,"column":33}}],"line":253},"19":{"loc":{"start":{"line":263,"column":13},"end":{"line":270,"column":13}},"type":"binary-expr","locations":[{"start":{"line":263,"column":13},"end":{"line":263,"column":37}},{"start":{"line":264,"column":14},"end":{"line":269,"column":33}}],"line":263},"20":{"loc":{"start":{"line":278,"column":13},"end":{"line":278,"column":66}},"type":"cond-expr","locations":[{"start":{"line":278,"column":45},"end":{"line":278,"column":47}},{"start":{"line":278,"column":50},"end":{"line":278,"column":66}}],"line":278}},"s":{"0":1,"1":1,"2":1,"3":1,"4":1,"5":1,"6":0,"7":0,"8":0,"9":0,"10":0,"11":0,"12":0,"13":0,"14":0,"15":0,"16":0,"17":0,"18":1,"19":10,"20":0,"21":0,"22":0,"23":0,"24":0,"25":0,"26":0,"27":0,"28":0,"29":0,"30":1,"31":0,"32":0,"33":0,"34":0,"35":0,"36":0,"37":0,"38":1,"39":0,"40":12,"41":1,"42":1,"43":1,"44":1},"f":{"0":0,"1":0,"2":0,"3":0,"4":0,"5":0,"6":0,"7":0,"8":1,"9":0,"10":0,"11":0,"12":0,"13":0,"14":0,"15":10,"16":0,"17":0,"18":1,"19":0,"20":0,"21":0,"22":0,"23":0,"24":0,"25":1,"26":0,"27":12},"b":{"0":[1,1],"1":[0,0],"2":[0,0],"3":[0,0],"4":[0,0],"5":[0,0,0,0],"6":[0,0],"7":[0,0],"8":[0,0],"9":[0,0],"10":[0,0],"11":[0,0],"12":[10,9,0],"13":[10,1,0],"14":[1,0],"15":[1,0],"16":[1,0],"17":[1,0],"18":[1,0],"19":[1,0],"20":[0,1]},"_coverageSchema":"1a1c01bbd47fc00a2c39e90264f33305004495a9","hash":"cc42d59bccf5b42988aa814591c5622dd874fd0c"}
}
