TN:
SF:src/SketchCanvas.tsx
FN:31,(anonymous_0)
FN:32,(anonymous_1)
FN:33,(anonymous_2)
FN:34,(anonymous_3)
FN:35,(anonymous_4)
FN:65,(anonymous_5)
FN:77,(anonymous_6)
FN:81,(anonymous_7)
FN:84,(anonymous_8)
FN:89,(anonymous_9)
FN:92,(anonymous_10)
FN:97,(anonymous_11)
FN:107,(anonymous_12)
FN:110,(anonymous_13)
FN:118,(anonymous_14)
FN:121,(anonymous_15)
FN:125,(anonymous_16)
FN:126,(anonymous_17)
FN:144,(anonymous_18)
FN:149,(anonymous_19)
FN:150,(anonymous_20)
FN:158,(anonymous_21)
FN:182,(anonymous_22)
FN:186,(anonymous_23)
FN:217,(anonymous_24)
FN:220,(anonymous_25)
FN:221,(anonymous_26)
FN:222,(anonymous_27)
FN:223,(anonymous_28)
FN:225,(anonymous_29)
FN:271,(anonymous_30)
FN:302,(anonymous_31)
FN:325,(anonymous_32)
FN:331,(anonymous_33)
FN:338,(anonymous_34)
FN:341,(anonymous_35)
FN:345,(anonymous_36)
FN:352,(anonymous_37)
FN:355,(anonymous_38)
FNF:39
FNH:6
FNDA:0,(anonymous_0)
FNDA:0,(anonymous_1)
FNDA:0,(anonymous_2)
FNDA:0,(anonymous_3)
FNDA:0,(anonymous_4)
FNDA:2,(anonymous_5)
FNDA:0,(anonymous_6)
FNDA:0,(anonymous_7)
FNDA:0,(anonymous_8)
FNDA:2,(anonymous_9)
FNDA:0,(anonymous_10)
FNDA:0,(anonymous_11)
FNDA:0,(anonymous_12)
FNDA:0,(anonymous_13)
FNDA:0,(anonymous_14)
FNDA:0,(anonymous_15)
FNDA:0,(anonymous_16)
FNDA:0,(anonymous_17)
FNDA:0,(anonymous_18)
FNDA:0,(anonymous_19)
FNDA:0,(anonymous_20)
FNDA:0,(anonymous_21)
FNDA:0,(anonymous_22)
FNDA:0,(anonymous_23)
FNDA:2,(anonymous_24)
FNDA:0,(anonymous_25)
FNDA:0,(anonymous_26)
FNDA:0,(anonymous_27)
FNDA:0,(anonymous_28)
FNDA:0,(anonymous_29)
FNDA:0,(anonymous_30)
FNDA:0,(anonymous_31)
FNDA:0,(anonymous_32)
FNDA:2,(anonymous_33)
FNDA:2,(anonymous_34)
FNDA:2,(anonymous_35)
FNDA:0,(anonymous_36)
FNDA:0,(anonymous_37)
FNDA:0,(anonymous_38)
DA:16,2
DA:17,2
DA:20,2
DA:27,2
DA:57,2
DA:66,2
DA:67,2
DA:68,2
DA:69,2
DA:70,2
DA:71,2
DA:72,2
DA:73,2
DA:74,2
DA:76,2
DA:77,0
DA:82,0
DA:84,0
DA:90,2
DA:92,0
DA:94,2
DA:98,0
DA:99,0
DA:100,0
DA:108,0
DA:109,0
DA:110,0
DA:112,0
DA:113,0
DA:115,0
DA:119,0
DA:120,0
DA:121,0
DA:123,0
DA:125,0
DA:126,0
DA:127,0
DA:133,0
DA:144,0
DA:150,0
DA:151,0
DA:167,0
DA:183,0
DA:194,0
DA:195,0
DA:205,0
DA:218,2
DA:220,0
DA:221,0
DA:222,0
DA:223,0
DA:226,0
DA:227,0
DA:229,0
DA:230,0
DA:231,0
DA:238,0
DA:248,0
DA:266,0
DA:267,0
DA:268,0
DA:269,0
DA:272,0
DA:273,0
DA:275,0
DA:276,0
DA:294,0
DA:297,0
DA:298,0
DA:299,0
DA:303,0
DA:304,0
DA:306,0
DA:307,0
DA:312,0
DA:318,0
DA:326,0
DA:332,2
DA:339,2
DA:342,2
DA:346,0
DA:350,0
DA:351,0
DA:352,0
DA:356,0
DA:357,0
DA:358,0
DA:362,0
DA:366,0
DA:367,0
DA:378,2
DA:379,2
DA:381,2
DA:383,2
DA:385,2
LF:95
LH:26
BRDA:20,0,0,2
BRDA:20,0,1,2
BRDA:71,1,0,2
BRDA:71,1,1,0
BRDA:77,2,0,0
BRDA:77,2,1,2
BRDA:84,3,0,0
BRDA:84,3,1,0
BRDA:90,4,0,2
BRDA:90,4,1,0
BRDA:110,5,0,0
BRDA:110,5,1,0
BRDA:112,6,0,0
BRDA:112,6,1,0
BRDA:119,7,0,0
BRDA:119,7,1,0
BRDA:120,8,0,0
BRDA:120,8,1,0
BRDA:139,9,0,0
BRDA:139,9,1,0
BRDA:144,10,0,0
BRDA:144,10,1,0
BRDA:194,11,0,0
BRDA:194,11,1,0
BRDA:226,12,0,0
BRDA:226,12,1,0
BRDA:244,13,0,0
BRDA:244,13,1,0
BRDA:272,14,0,0
BRDA:272,14,1,0
BRDA:275,15,0,0
BRDA:275,15,1,0
BRDA:303,16,0,0
BRDA:303,16,1,0
BRDA:306,17,0,0
BRDA:306,17,1,0
BRDA:333,18,0,2
BRDA:333,18,1,2
BRDA:334,19,0,2
BRDA:334,19,1,2
BRDA:351,20,0,0
BRDA:351,20,1,0
BRDA:356,21,0,0
BRDA:356,21,1,0
BRDA:358,22,0,0
BRDA:358,22,1,0
BRDA:359,23,0,0
BRDA:359,23,1,0
BRDA:366,24,0,0
BRDA:366,24,1,0
BRDA:380,25,0,2
BRDA:380,25,1,0
BRDA:382,26,0,2
BRDA:382,26,1,0
BRDA:384,27,0,2
BRDA:384,27,1,0
BRDA:386,28,0,2
BRDA:386,28,1,0
BRF:58
BRH:13
end_of_record
TN:
SF:src/handlePermissions.tsx
FN:3,(anonymous_0)
FNF:1
FNH:1
FNDA:5,(anonymous_0)
DA:3,5
DA:7,5
DA:8,2
DA:17,2
DA:19,3
LF:5
LH:5
BRDA:7,0,0,2
BRDA:7,0,1,3
BRF:2
BRH:2
end_of_record
TN:
SF:src/index.tsx
FN:19,(anonymous_0)
FN:20,(anonymous_1)
FN:21,(anonymous_2)
FN:22,(anonymous_3)
FN:23,(anonymous_4)
FN:24,(anonymous_5)
FN:25,(anonymous_6)
FN:66,(anonymous_7)
FN:84,(anonymous_8)
FN:98,(anonymous_9)
FN:102,(anonymous_10)
FN:106,(anonymous_11)
FN:110,(anonymous_12)
FN:114,(anonymous_13)
FN:150,(anonymous_14)
FN:164,(anonymous_15)
FN:167,(anonymous_16)
FN:201,(anonymous_17)
FN:205,(anonymous_18)
FN:217,(anonymous_19)
FN:226,(anonymous_20)
FN:237,(anonymous_21)
FN:246,(anonymous_22)
FN:255,(anonymous_23)
FN:265,(anonymous_24)
FN:274,(anonymous_25)
FN:285,(anonymous_26)
FN:298,(anonymous_27)
FNF:28
FNH:5
FNDA:0,(anonymous_0)
FNDA:0,(anonymous_1)
FNDA:0,(anonymous_2)
FNDA:0,(anonymous_3)
FNDA:0,(anonymous_4)
FNDA:0,(anonymous_5)
FNDA:0,(anonymous_6)
FNDA:0,(anonymous_7)
FNDA:1,(anonymous_8)
FNDA:0,(anonymous_9)
FNDA:0,(anonymous_10)
FNDA:0,(anonymous_11)
FNDA:0,(anonymous_12)
FNDA:0,(anonymous_13)
FNDA:0,(anonymous_14)
FNDA:10,(anonymous_15)
FNDA:0,(anonymous_16)
FNDA:0,(anonymous_17)
FNDA:1,(anonymous_18)
FNDA:0,(anonymous_19)
FNDA:0,(anonymous_20)
FNDA:0,(anonymous_21)
FNDA:0,(anonymous_22)
FNDA:0,(anonymous_23)
FNDA:0,(anonymous_24)
FNDA:1,(anonymous_25)
FNDA:0,(anonymous_26)
FNDA:12,(anonymous_27)
DA:16,1
DA:85,1
DA:87,1
DA:93,1
DA:94,1
DA:95,1
DA:99,0
DA:103,0
DA:107,0
DA:111,0
DA:115,0
DA:116,0
DA:117,0
DA:127,0
DA:128,0
DA:151,0
DA:157,0
DA:159,0
DA:164,1
DA:165,10
DA:168,0
DA:170,0
DA:171,0
DA:172,0
DA:173,0
DA:177,0
DA:179,0
DA:184,0
DA:185,0
DA:202,0
DA:206,1
DA:218,0
DA:227,0
DA:238,0
DA:247,0
DA:256,0
DA:257,0
DA:266,0
DA:274,1
DA:286,0
DA:298,12
DA:309,1
DA:310,1
DA:311,1
DA:312,1
LF:45
LH:15
BRDA:88,0,0,1
BRDA:88,0,1,1
BRDA:115,1,0,0
BRDA:115,1,1,0
BRDA:120,2,0,0
BRDA:120,2,1,0
BRDA:124,3,0,0
BRDA:124,3,1,0
BRDA:151,4,0,0
BRDA:151,4,1,0
BRDA:152,5,0,0
BRDA:152,5,1,0
BRDA:152,5,2,0
BRDA:152,5,3,0
BRDA:152,6,0,0
BRDA:152,6,1,0
BRDA:154,7,0,0
BRDA:154,7,1,0
BRDA:168,8,0,0
BRDA:168,8,1,0
BRDA:171,9,0,0
BRDA:171,9,1,0
BRDA:172,10,0,0
BRDA:172,10,1,0
BRDA:178,11,0,0
BRDA:178,11,1,0
BRDA:188,12,0,10
BRDA:188,12,1,9
BRDA:188,12,2,0
BRDA:191,13,0,10
BRDA:191,13,1,1
BRDA:191,13,2,0
BRDA:215,14,0,1
BRDA:215,14,1,0
BRDA:224,15,0,1
BRDA:224,15,1,0
BRDA:235,16,0,1
BRDA:235,16,1,0
BRDA:244,17,0,1
BRDA:244,17,1,0
BRDA:253,18,0,1
BRDA:253,18,1,0
BRDA:263,19,0,1
BRDA:263,19,1,0
BRDA:278,20,0,0
BRDA:278,20,1,1
BRF:46
BRH:13
end_of_record
